[2019-01-07 09:00:20.478] [exthost1] [info] extension host started
[2019-01-07 09:00:21.052] [exthost1] [info] extension host started
[2019-01-07 09:00:21.092] [exthost1] [info] ExtensionService#_doActivateExtension vscode.debug-auto-launch {"startup":true,"activationEvent":"*"}
[2019-01-07 09:00:21.092] [exthost1] [info] ExtensionService#loadCommonJSModule c:\Users\Administrator\.codemix\engine\resources\app\extensions\debug-auto-launch\out\extension
[2019-01-07 09:00:21.105] [exthost1] [info] ExtensionService#_doActivateExtension vscode.emmet {"startup":true,"activationEvent":"*"}
[2019-01-07 09:00:21.105] [exthost1] [info] ExtensionService#loadCommonJSModule c:\Users\Administrator\.codemix\engine\resources\app\extensions\emmet\dist\extension
[2019-01-07 09:00:21.168] [exthost1] [info] ExtensionService#_doActivateExtension vscode.merge-conflict {"startup":true,"activationEvent":"*"}
[2019-01-07 09:00:21.168] [exthost1] [info] ExtensionService#loadCommonJSModule c:\Users\Administrator\.codemix\engine\resources\app\extensions\merge-conflict\out\extension
[2019-01-07 09:00:21.194] [exthost1] [info] ExtensionService#_doActivateExtension vscode.search-rg {"startup":true,"activationEvent":"*"}
[2019-01-07 09:00:21.194] [exthost1] [info] ExtensionService#loadCommonJSModule c:\Users\Administrator\.codemix\engine\resources\app\extensions\search-rg\out\extension
[2019-01-07 09:00:21.206] [exthost1] [info] ExtensionService#_doActivateExtension christian-kohler.path-intellisense {"startup":true,"activationEvent":"*"}
[2019-01-07 09:00:21.206] [exthost1] [info] ExtensionService#loadCommonJSModule C:\Users\Administrator\.codemix\extensions\christian-kohler.path-intellisense-1.4.2\out\src\extension
[2019-01-07 09:00:21.228] [exthost1] [info] ExtensionService#_doActivateExtension dbaeumer.vscode-eslint {"startup":true,"activationEvent":"*"}
[2019-01-07 09:00:21.228] [exthost1] [info] ExtensionService#loadCommonJSModule C:\Users\Administrator\.codemix\extensions\dbaeumer.vscode-eslint-1.4.10\client\out\extension
[2019-01-07 09:00:21.324] [exthost1] [info] ExtensionService#_doActivateExtension formulahendry.auto-close-tag {"startup":true,"activationEvent":"*"}
[2019-01-07 09:00:21.324] [exthost1] [info] ExtensionService#loadCommonJSModule C:\Users\Administrator\.codemix\extensions\formulahendry.auto-close-tag-0.5.6\out\src\extension
[2019-01-07 09:00:21.326] [exthost1] [info] ExtensionService#_doActivateExtension HookyQR.beautify {"startup":true,"activationEvent":"*"}
[2019-01-07 09:00:21.326] [exthost1] [info] ExtensionService#loadCommonJSModule C:\Users\Administrator\.codemix\extensions\hookyqr.beautify-1.3.0\extension
[2019-01-07 09:00:21.396] [exthost1] [info] eager extensions activated
[2019-01-07 09:00:21.396] [exthost1] [info] ExtensionService#_doActivateExtension vscode.configuration-editing {"startup":false,"activationEvent":"onLanguage:jsonc"}
[2019-01-07 09:00:21.396] [exthost1] [info] ExtensionService#loadCommonJSModule c:\Users\Administrator\.codemix\engine\resources\app\extensions\configuration-editing\out\extension
[2019-01-07 09:00:21.413] [exthost1] [info] ExtensionService#_doActivateExtension vscode.json-language-features {"startup":false,"activationEvent":"onLanguage:jsonc"}
[2019-01-07 09:00:21.413] [exthost1] [info] ExtensionService#loadCommonJSModule c:\Users\Administrator\.codemix\engine\resources\app\extensions\json-language-features\client\dist\jsonMain
[2019-01-07 09:00:21.600] [exthost1] [info] ExtensionService#_doActivateExtension vscode.typescript-language-features {"startup":false,"activationEvent":"onLanguage:jsonc"}
[2019-01-07 09:00:21.600] [exthost1] [info] ExtensionService#loadCommonJSModule c:\Users\Administrator\.codemix\engine\resources\app\extensions\typescript-language-features\dist\extension
[2019-01-07 09:00:21.785] [exthost1] [info] ExtensionService#_doActivateExtension vscode.grunt {"startup":false,"activationEvent":"onCommand:workbench.action.tasks.runTask"}
[2019-01-07 09:00:21.785] [exthost1] [info] ExtensionService#loadCommonJSModule c:\Users\Administrator\.codemix\engine\resources\app\extensions\grunt\out\main
[2019-01-07 09:00:21.800] [exthost1] [info] ExtensionService#_doActivateExtension vscode.gulp {"startup":false,"activationEvent":"onCommand:workbench.action.tasks.runTask"}
[2019-01-07 09:00:21.800] [exthost1] [info] ExtensionService#loadCommonJSModule c:\Users\Administrator\.codemix\engine\resources\app\extensions\gulp\out\main
[2019-01-07 09:00:21.809] [exthost1] [info] ExtensionService#_doActivateExtension vscode.jake {"startup":false,"activationEvent":"onCommand:workbench.action.tasks.runTask"}
[2019-01-07 09:00:21.809] [exthost1] [info] ExtensionService#loadCommonJSModule c:\Users\Administrator\.codemix\engine\resources\app\extensions\jake\out\main
[2019-01-07 09:00:21.818] [exthost1] [info] ExtensionService#_doActivateExtension vscode.npm {"startup":false,"activationEvent":"onCommand:workbench.action.tasks.runTask"}
[2019-01-07 09:00:21.818] [exthost1] [info] ExtensionService#loadCommonJSModule c:\Users\Administrator\.codemix\engine\resources\app\extensions\npm\out\main
